C:\USERS\KYLE\DOCUMENTS\GITHUB\PFG\ASSIGNMENT_1\TICTACTOE\TICTACTOE\DEBUG\TICTACTOE.PCH
C:\USERS\KYLE\DOCUMENTS\GITHUB\PFG\ASSIGNMENT_1\TICTACTOE\TICTACTOE\DEBUG\STDAFX.OBJ
C:\USERS\KYLE\DOCUMENTS\GITHUB\PFG\ASSIGNMENT_1\TICTACTOE\TICTACTOE\DEBUG\VC110.PDB
C:\USERS\KYLE\DOCUMENTS\GITHUB\PFG\ASSIGNMENT_1\TICTACTOE\TICTACTOE\DEBUG\TICTACTOE.OBJ
C:\USERS\KYLE\DOCUMENTS\GITHUB\PFG\ASSIGNMENT_1\TICTACTOE\TICTACTOE\DEBUG\LESSON1.OBJ
C:\USERS\KYLE\DOCUMENTS\GITHUB\PFG\ASSIGNMENT_1\TICTACTOE\DEBUG\TICTACTOE.ILK
C:\USERS\KYLE\DOCUMENTS\GITHUB\PFG\ASSIGNMENT_1\TICTACTOE\DEBUG\TICTACTOE.EXE
C:\USERS\KYLE\DOCUMENTS\GITHUB\PFG\ASSIGNMENT_1\TICTACTOE\DEBUG\TICTACTOE.PDB
C:\Users\Kyle\Documents\GitHub\pfg\Assignment_1\TicTacToe\TicTacToe\Debug\Lesson1.obj
C:\Users\Kyle\Documents\GitHub\pfg\Assignment_1\TicTacToe\TicTacToe\Debug\stdafx.obj
C:\Users\Kyle\Documents\GitHub\pfg\Assignment_1\TicTacToe\TicTacToe\Debug\cl.command.1.tlog
C:\Users\Kyle\Documents\GitHub\pfg\Assignment_1\TicTacToe\TicTacToe\Debug\CL.read.1.tlog
C:\Users\Kyle\Documents\GitHub\pfg\Assignment_1\TicTacToe\TicTacToe\Debug\CL.write.1.tlog
C:\Users\Kyle\Documents\GitHub\pfg\Assignment_1\TicTacToe\TicTacToe\Debug\link-cvtres.read.1.tlog
C:\Users\Kyle\Documents\GitHub\pfg\Assignment_1\TicTacToe\TicTacToe\Debug\link-cvtres.write.1.tlog
C:\Users\Kyle\Documents\GitHub\pfg\Assignment_1\TicTacToe\TicTacToe\Debug\link-rc.read.1.tlog
C:\Users\Kyle\Documents\GitHub\pfg\Assignment_1\TicTacToe\TicTacToe\Debug\link-rc.write.1.tlog
C:\Users\Kyle\Documents\GitHub\pfg\Assignment_1\TicTacToe\TicTacToe\Debug\link.1756-cvtres.read.1.tlog
C:\Users\Kyle\Documents\GitHub\pfg\Assignment_1\TicTacToe\TicTacToe\Debug\link.1756-cvtres.write.1.tlog
C:\Users\Kyle\Documents\GitHub\pfg\Assignment_1\TicTacToe\TicTacToe\Debug\link.1756-rc.read.1.tlog
C:\Users\Kyle\Documents\GitHub\pfg\Assignment_1\TicTacToe\TicTacToe\Debug\link.1756-rc.write.1.tlog
C:\Users\Kyle\Documents\GitHub\pfg\Assignment_1\TicTacToe\TicTacToe\Debug\link.1756.read.1.tlog
C:\Users\Kyle\Documents\GitHub\pfg\Assignment_1\TicTacToe\TicTacToe\Debug\link.1756.write.1.tlog
C:\Users\Kyle\Documents\GitHub\pfg\Assignment_1\TicTacToe\TicTacToe\Debug\link.3600-cvtres.read.1.tlog
C:\Users\Kyle\Documents\GitHub\pfg\Assignment_1\TicTacToe\TicTacToe\Debug\link.3600-cvtres.write.1.tlog
C:\Users\Kyle\Documents\GitHub\pfg\Assignment_1\TicTacToe\TicTacToe\Debug\link.3600-rc.read.1.tlog
C:\Users\Kyle\Documents\GitHub\pfg\Assignment_1\TicTacToe\TicTacToe\Debug\link.3600-rc.write.1.tlog
C:\Users\Kyle\Documents\GitHub\pfg\Assignment_1\TicTacToe\TicTacToe\Debug\link.3600.read.1.tlog
C:\Users\Kyle\Documents\GitHub\pfg\Assignment_1\TicTacToe\TicTacToe\Debug\link.3600.write.1.tlog
C:\Users\Kyle\Documents\GitHub\pfg\Assignment_1\TicTacToe\TicTacToe\Debug\link.4144-cvtres.read.1.tlog
C:\Users\Kyle\Documents\GitHub\pfg\Assignment_1\TicTacToe\TicTacToe\Debug\link.4144-cvtres.write.1.tlog
C:\Users\Kyle\Documents\GitHub\pfg\Assignment_1\TicTacToe\TicTacToe\Debug\link.4144-rc.read.1.tlog
C:\Users\Kyle\Documents\GitHub\pfg\Assignment_1\TicTacToe\TicTacToe\Debug\link.4144-rc.write.1.tlog
C:\Users\Kyle\Documents\GitHub\pfg\Assignment_1\TicTacToe\TicTacToe\Debug\link.4144.read.1.tlog
C:\Users\Kyle\Documents\GitHub\pfg\Assignment_1\TicTacToe\TicTacToe\Debug\link.4144.write.1.tlog
C:\Users\Kyle\Documents\GitHub\pfg\Assignment_1\TicTacToe\TicTacToe\Debug\link.5356-cvtres.read.1.tlog
C:\Users\Kyle\Documents\GitHub\pfg\Assignment_1\TicTacToe\TicTacToe\Debug\link.5356-cvtres.write.1.tlog
C:\Users\Kyle\Documents\GitHub\pfg\Assignment_1\TicTacToe\TicTacToe\Debug\link.5356-rc.read.1.tlog
C:\Users\Kyle\Documents\GitHub\pfg\Assignment_1\TicTacToe\TicTacToe\Debug\link.5356-rc.write.1.tlog
C:\Users\Kyle\Documents\GitHub\pfg\Assignment_1\TicTacToe\TicTacToe\Debug\link.5356.read.1.tlog
C:\Users\Kyle\Documents\GitHub\pfg\Assignment_1\TicTacToe\TicTacToe\Debug\link.5356.write.1.tlog
C:\Users\Kyle\Documents\GitHub\pfg\Assignment_1\TicTacToe\TicTacToe\Debug\link.command.1.tlog
C:\Users\Kyle\Documents\GitHub\pfg\Assignment_1\TicTacToe\TicTacToe\Debug\link.read.1.tlog
C:\Users\Kyle\Documents\GitHub\pfg\Assignment_1\TicTacToe\TicTacToe\Debug\link.write.1.tlog
C:\Users\Kyle\Documents\GitHub\pfg\Assignment_1\TicTacToe\TicTacToe\Debug\TicTacToe.pch
C:\Users\Kyle\Documents\GitHub\pfg\Assignment_1\TicTacToe\TicTacToe\Debug\vc110.idb
C:\Users\Kyle\Documents\GitHub\pfg\Assignment_1\TicTacToe\TicTacToe\Debug\vc110.pdb
C:\Users\Kyle\Documents\GitHub\pfg\Assignment_1\TicTacToe\Debug\TicTacToe.pdb
C:\Users\Kyle\Documents\GitHub\pfg\Assignment_1\TicTacToe\Debug\TicTacToe.exe
C:\Users\Kyle\Documents\GitHub\pfg\Assignment_1\TicTacToe\Debug\TicTacToe.ilk
